mode: set
github.com/ecoprohcm/DMS_BackendServer/mqttSvc/error.go:9.40,10.34 1 1
github.com/ecoprohcm/DMS_BackendServer/mqttSvc/error.go:14.2,15.18 2 1
github.com/ecoprohcm/DMS_BackendServer/mqttSvc/error.go:10.34,12.3 1 1
github.com/ecoprohcm/DMS_BackendServer/mqttSvc/init.go:20.88,22.2 1 0
github.com/ecoprohcm/DMS_BackendServer/mqttSvc/init.go:24.69,26.2 1 0
github.com/ecoprohcm/DMS_BackendServer/mqttSvc/init.go:28.89,30.2 1 0
github.com/ecoprohcm/DMS_BackendServer/mqttSvc/init.go:42.15,62.69 11 0
github.com/ecoprohcm/DMS_BackendServer/mqttSvc/init.go:65.2,67.15 2 0
github.com/ecoprohcm/DMS_BackendServer/mqttSvc/init.go:62.69,63.23 1 0
github.com/ecoprohcm/DMS_BackendServer/mqttSvc/init.go:71.176,73.97 1 0
github.com/ecoprohcm/DMS_BackendServer/mqttSvc/init.go:81.2,81.41 1 0
github.com/ecoprohcm/DMS_BackendServer/mqttSvc/init.go:85.2,85.94 1 0
github.com/ecoprohcm/DMS_BackendServer/mqttSvc/init.go:150.2,150.41 1 0
github.com/ecoprohcm/DMS_BackendServer/mqttSvc/init.go:154.2,154.93 1 0
github.com/ecoprohcm/DMS_BackendServer/mqttSvc/init.go:171.2,171.41 1 0
github.com/ecoprohcm/DMS_BackendServer/mqttSvc/init.go:189.2,189.98 1 0
github.com/ecoprohcm/DMS_BackendServer/mqttSvc/init.go:206.2,206.41 1 0
github.com/ecoprohcm/DMS_BackendServer/mqttSvc/init.go:210.2,210.98 1 0
github.com/ecoprohcm/DMS_BackendServer/mqttSvc/init.go:215.2,215.41 1 0
github.com/ecoprohcm/DMS_BackendServer/mqttSvc/init.go:219.2,219.98 1 0
github.com/ecoprohcm/DMS_BackendServer/mqttSvc/init.go:225.2,225.41 1 0
github.com/ecoprohcm/DMS_BackendServer/mqttSvc/init.go:73.97,79.3 5 0
github.com/ecoprohcm/DMS_BackendServer/mqttSvc/init.go:81.41,83.3 1 0
github.com/ecoprohcm/DMS_BackendServer/mqttSvc/init.go:85.94,91.21 6 0
github.com/ecoprohcm/DMS_BackendServer/mqttSvc/init.go:96.3,97.25 2 0
github.com/ecoprohcm/DMS_BackendServer/mqttSvc/init.go:117.3,118.26 2 0
github.com/ecoprohcm/DMS_BackendServer/mqttSvc/init.go:140.3,141.17 2 0
github.com/ecoprohcm/DMS_BackendServer/mqttSvc/init.go:145.3,146.19 2 0
github.com/ecoprohcm/DMS_BackendServer/mqttSvc/init.go:91.21,94.4 2 0
github.com/ecoprohcm/DMS_BackendServer/mqttSvc/init.go:97.25,98.40 1 0
github.com/ecoprohcm/DMS_BackendServer/mqttSvc/init.go:98.40,111.23 6 0
github.com/ecoprohcm/DMS_BackendServer/mqttSvc/init.go:111.23,113.6 1 0
github.com/ecoprohcm/DMS_BackendServer/mqttSvc/init.go:118.26,119.42 1 0
github.com/ecoprohcm/DMS_BackendServer/mqttSvc/init.go:119.42,132.23 6 0
github.com/ecoprohcm/DMS_BackendServer/mqttSvc/init.go:132.23,134.6 1 0
github.com/ecoprohcm/DMS_BackendServer/mqttSvc/init.go:134.11,136.6 1 0
github.com/ecoprohcm/DMS_BackendServer/mqttSvc/init.go:141.17,143.4 1 0
github.com/ecoprohcm/DMS_BackendServer/mqttSvc/init.go:150.41,152.3 1 0
github.com/ecoprohcm/DMS_BackendServer/mqttSvc/init.go:154.93,169.3 8 0
github.com/ecoprohcm/DMS_BackendServer/mqttSvc/init.go:171.41,173.3 1 0
github.com/ecoprohcm/DMS_BackendServer/mqttSvc/init.go:189.98,204.3 6 0
github.com/ecoprohcm/DMS_BackendServer/mqttSvc/init.go:206.41,208.3 1 0
github.com/ecoprohcm/DMS_BackendServer/mqttSvc/init.go:210.98,213.3 2 0
github.com/ecoprohcm/DMS_BackendServer/mqttSvc/init.go:215.41,217.3 1 0
github.com/ecoprohcm/DMS_BackendServer/mqttSvc/init.go:219.98,223.3 3 0
github.com/ecoprohcm/DMS_BackendServer/mqttSvc/init.go:225.41,227.3 1 0
github.com/ecoprohcm/DMS_BackendServer/mqttSvc/init.go:230.63,241.2 6 1
github.com/ecoprohcm/DMS_BackendServer/mqttSvc/payload.go:19.68,22.2 2 0
github.com/ecoprohcm/DMS_BackendServer/mqttSvc/payload.go:24.68,28.2 2 0
github.com/ecoprohcm/DMS_BackendServer/mqttSvc/payload.go:30.74,33.2 2 0
github.com/ecoprohcm/DMS_BackendServer/mqttSvc/payload.go:35.84,38.2 2 0
github.com/ecoprohcm/DMS_BackendServer/mqttSvc/payload.go:40.60,43.2 1 0
github.com/ecoprohcm/DMS_BackendServer/mqttSvc/payload.go:45.53,47.2 1 0
github.com/ecoprohcm/DMS_BackendServer/mqttSvc/payload.go:54.10,76.2 7 0
github.com/ecoprohcm/DMS_BackendServer/mqttSvc/payload.go:78.85,97.2 8 0
github.com/ecoprohcm/DMS_BackendServer/mqttSvc/payload.go:99.71,102.2 2 0
github.com/ecoprohcm/DMS_BackendServer/mqttSvc/payload.go:104.81,106.27 2 0
github.com/ecoprohcm/DMS_BackendServer/mqttSvc/payload.go:114.2,115.59 2 0
github.com/ecoprohcm/DMS_BackendServer/mqttSvc/payload.go:106.27,113.3 2 0
github.com/ecoprohcm/DMS_BackendServer/mqttSvc/payload.go:118.97,122.2 2 0
github.com/ecoprohcm/DMS_BackendServer/mqttSvc/payload.go:124.63,127.2 2 0
github.com/ecoprohcm/DMS_BackendServer/mqttSvc/payload.go:129.59,131.2 1 0
github.com/ecoprohcm/DMS_BackendServer/mqttSvc/payload.go:133.45,136.25 3 0
github.com/ecoprohcm/DMS_BackendServer/mqttSvc/payload.go:143.2,143.17 1 0
github.com/ecoprohcm/DMS_BackendServer/mqttSvc/payload.go:136.25,138.17 2 0
github.com/ecoprohcm/DMS_BackendServer/mqttSvc/payload.go:141.3,141.43 1 0
github.com/ecoprohcm/DMS_BackendServer/mqttSvc/payload.go:138.17,139.14 1 0
github.com/ecoprohcm/DMS_BackendServer/mqttSvc/payload.go:146.60,149.2 2 0
github.com/ecoprohcm/DMS_BackendServer/handlers/area.go:16.55,20.2 1 1
github.com/ecoprohcm/DMS_BackendServer/handlers/area.go:30.51,32.16 2 1
github.com/ecoprohcm/DMS_BackendServer/handlers/area.go:40.2,40.45 1 1
github.com/ecoprohcm/DMS_BackendServer/handlers/area.go:32.16,39.3 2 0
github.com/ecoprohcm/DMS_BackendServer/handlers/area.go:52.52,56.16 3 0
github.com/ecoprohcm/DMS_BackendServer/handlers/area.go:64.2,64.41 1 0
github.com/ecoprohcm/DMS_BackendServer/handlers/area.go:56.16,63.3 2 0
github.com/ecoprohcm/DMS_BackendServer/handlers/area.go:77.50,80.16 3 0
github.com/ecoprohcm/DMS_BackendServer/handlers/area.go:88.2,89.16 2 0
github.com/ecoprohcm/DMS_BackendServer/handlers/area.go:97.2,97.41 1 0
github.com/ecoprohcm/DMS_BackendServer/handlers/area.go:80.16,87.3 2 0
github.com/ecoprohcm/DMS_BackendServer/handlers/area.go:89.16,96.3 2 0
github.com/ecoprohcm/DMS_BackendServer/handlers/area.go:110.50,113.16 3 0
github.com/ecoprohcm/DMS_BackendServer/handlers/area.go:121.2,122.30 2 0
github.com/ecoprohcm/DMS_BackendServer/handlers/area.go:130.2,130.49 1 0
github.com/ecoprohcm/DMS_BackendServer/handlers/area.go:113.16,120.3 2 0
github.com/ecoprohcm/DMS_BackendServer/handlers/area.go:122.30,129.3 2 0
github.com/ecoprohcm/DMS_BackendServer/handlers/area.go:143.50,146.16 3 0
github.com/ecoprohcm/DMS_BackendServer/handlers/area.go:155.2,156.30 2 0
github.com/ecoprohcm/DMS_BackendServer/handlers/area.go:164.2,164.49 1 0
github.com/ecoprohcm/DMS_BackendServer/handlers/area.go:146.16,153.3 2 0
github.com/ecoprohcm/DMS_BackendServer/handlers/area.go:156.30,163.3 2 0
github.com/ecoprohcm/DMS_BackendServer/handlers/customer.go:19.115,25.2 1 1
github.com/ecoprohcm/DMS_BackendServer/handlers/customer.go:35.59,37.16 2 0
github.com/ecoprohcm/DMS_BackendServer/handlers/customer.go:45.2,45.45 1 0
github.com/ecoprohcm/DMS_BackendServer/handlers/customer.go:37.16,44.3 2 0
github.com/ecoprohcm/DMS_BackendServer/handlers/customer.go:57.62,61.16 3 0
github.com/ecoprohcm/DMS_BackendServer/handlers/customer.go:69.2,69.43 1 0
github.com/ecoprohcm/DMS_BackendServer/handlers/customer.go:61.16,68.3 2 0
github.com/ecoprohcm/DMS_BackendServer/handlers/customer.go:82.58,85.16 3 0
github.com/ecoprohcm/DMS_BackendServer/handlers/customer.go:94.2,95.16 2 0
github.com/ecoprohcm/DMS_BackendServer/handlers/customer.go:103.2,103.43 1 0
github.com/ecoprohcm/DMS_BackendServer/handlers/customer.go:85.16,92.3 2 0
github.com/ecoprohcm/DMS_BackendServer/handlers/customer.go:95.16,102.3 2 0
github.com/ecoprohcm/DMS_BackendServer/handlers/customer.go:116.58,119.16 3 0
github.com/ecoprohcm/DMS_BackendServer/handlers/customer.go:128.2,129.30 2 0
github.com/ecoprohcm/DMS_BackendServer/handlers/customer.go:137.2,139.49 2 0
github.com/ecoprohcm/DMS_BackendServer/handlers/customer.go:148.2,148.49 1 0
github.com/ecoprohcm/DMS_BackendServer/handlers/customer.go:119.16,126.3 2 0
github.com/ecoprohcm/DMS_BackendServer/handlers/customer.go:129.30,136.3 2 0
github.com/ecoprohcm/DMS_BackendServer/handlers/customer.go:139.49,146.3 2 0
github.com/ecoprohcm/DMS_BackendServer/handlers/customer.go:161.58,164.16 3 0
github.com/ecoprohcm/DMS_BackendServer/handlers/customer.go:173.2,174.30 2 0
github.com/ecoprohcm/DMS_BackendServer/handlers/customer.go:183.2,185.49 2 0
github.com/ecoprohcm/DMS_BackendServer/handlers/customer.go:194.2,194.49 1 0
github.com/ecoprohcm/DMS_BackendServer/handlers/customer.go:164.16,171.3 2 0
github.com/ecoprohcm/DMS_BackendServer/handlers/customer.go:174.30,181.3 2 0
github.com/ecoprohcm/DMS_BackendServer/handlers/customer.go:185.49,192.3 2 0
github.com/ecoprohcm/DMS_BackendServer/handlers/customer.go:207.67,211.16 4 0
github.com/ecoprohcm/DMS_BackendServer/handlers/customer.go:220.2,221.16 2 0
github.com/ecoprohcm/DMS_BackendServer/handlers/customer.go:230.2,235.16 5 0
github.com/ecoprohcm/DMS_BackendServer/handlers/customer.go:244.2,254.49 2 0
github.com/ecoprohcm/DMS_BackendServer/handlers/customer.go:263.2,264.16 2 0
github.com/ecoprohcm/DMS_BackendServer/handlers/customer.go:273.2,273.44 1 0
github.com/ecoprohcm/DMS_BackendServer/handlers/customer.go:211.16,218.3 2 0
github.com/ecoprohcm/DMS_BackendServer/handlers/customer.go:221.16,228.3 2 0
github.com/ecoprohcm/DMS_BackendServer/handlers/customer.go:235.16,242.3 2 0
github.com/ecoprohcm/DMS_BackendServer/handlers/customer.go:254.49,261.3 2 0
github.com/ecoprohcm/DMS_BackendServer/handlers/customer.go:264.16,271.3 2 0
github.com/ecoprohcm/DMS_BackendServer/handlers/doorlock.go:18.85,23.2 1 1
github.com/ecoprohcm/DMS_BackendServer/handlers/doorlock.go:33.59,35.16 2 0
github.com/ecoprohcm/DMS_BackendServer/handlers/doorlock.go:43.2,43.46 1 0
github.com/ecoprohcm/DMS_BackendServer/handlers/doorlock.go:35.16,42.3 2 0
github.com/ecoprohcm/DMS_BackendServer/handlers/doorlock.go:55.60,59.16 3 0
github.com/ecoprohcm/DMS_BackendServer/handlers/doorlock.go:67.2,67.42 1 0
github.com/ecoprohcm/DMS_BackendServer/handlers/doorlock.go:59.16,66.3 2 0
github.com/ecoprohcm/DMS_BackendServer/handlers/doorlock.go:80.58,83.16 3 0
github.com/ecoprohcm/DMS_BackendServer/handlers/doorlock.go:91.2,91.27 1 0
github.com/ecoprohcm/DMS_BackendServer/handlers/doorlock.go:100.2,103.49 2 0
github.com/ecoprohcm/DMS_BackendServer/handlers/doorlock.go:112.2,113.16 2 0
github.com/ecoprohcm/DMS_BackendServer/handlers/doorlock.go:121.2,121.42 1 0
github.com/ecoprohcm/DMS_BackendServer/handlers/doorlock.go:83.16,90.3 2 0
github.com/ecoprohcm/DMS_BackendServer/handlers/doorlock.go:91.27,98.3 2 0
github.com/ecoprohcm/DMS_BackendServer/handlers/doorlock.go:103.49,110.3 2 0
github.com/ecoprohcm/DMS_BackendServer/handlers/doorlock.go:113.16,120.3 2 0
github.com/ecoprohcm/DMS_BackendServer/handlers/doorlock.go:135.58,138.16 3 0
github.com/ecoprohcm/DMS_BackendServer/handlers/doorlock.go:147.2,149.49 2 0
github.com/ecoprohcm/DMS_BackendServer/handlers/doorlock.go:158.2,159.30 2 0
github.com/ecoprohcm/DMS_BackendServer/handlers/doorlock.go:167.2,167.49 1 0
github.com/ecoprohcm/DMS_BackendServer/handlers/doorlock.go:138.16,145.3 2 0
github.com/ecoprohcm/DMS_BackendServer/handlers/doorlock.go:149.49,156.3 2 0
github.com/ecoprohcm/DMS_BackendServer/handlers/doorlock.go:159.30,166.3 2 0
github.com/ecoprohcm/DMS_BackendServer/handlers/doorlock.go:180.61,183.16 3 0
github.com/ecoprohcm/DMS_BackendServer/handlers/doorlock.go:192.2,194.49 2 0
github.com/ecoprohcm/DMS_BackendServer/handlers/doorlock.go:214.2,215.30 2 0
github.com/ecoprohcm/DMS_BackendServer/handlers/doorlock.go:224.2,224.49 1 0
github.com/ecoprohcm/DMS_BackendServer/handlers/doorlock.go:183.16,190.3 2 0
github.com/ecoprohcm/DMS_BackendServer/handlers/doorlock.go:194.49,201.3 2 0
github.com/ecoprohcm/DMS_BackendServer/handlers/doorlock.go:215.30,222.3 2 0
github.com/ecoprohcm/DMS_BackendServer/handlers/doorlock.go:237.58,240.16 3 0
github.com/ecoprohcm/DMS_BackendServer/handlers/doorlock.go:249.2,251.49 2 0
github.com/ecoprohcm/DMS_BackendServer/handlers/doorlock.go:271.2,272.30 2 0
github.com/ecoprohcm/DMS_BackendServer/handlers/doorlock.go:280.2,280.49 1 0
github.com/ecoprohcm/DMS_BackendServer/handlers/doorlock.go:240.16,247.3 2 0
github.com/ecoprohcm/DMS_BackendServer/handlers/doorlock.go:251.49,258.3 2 0
github.com/ecoprohcm/DMS_BackendServer/handlers/doorlock.go:272.30,279.3 2 0
github.com/ecoprohcm/DMS_BackendServer/handlers/gateway.go:18.82,23.2 1 1
github.com/ecoprohcm/DMS_BackendServer/handlers/gateway.go:33.57,35.16 2 0
github.com/ecoprohcm/DMS_BackendServer/handlers/gateway.go:43.2,43.46 1 0
github.com/ecoprohcm/DMS_BackendServer/handlers/gateway.go:35.16,42.3 2 0
github.com/ecoprohcm/DMS_BackendServer/handlers/gateway.go:55.58,59.16 3 0
github.com/ecoprohcm/DMS_BackendServer/handlers/gateway.go:67.2,67.42 1 0
github.com/ecoprohcm/DMS_BackendServer/handlers/gateway.go:59.16,66.3 2 0
github.com/ecoprohcm/DMS_BackendServer/handlers/gateway.go:80.56,83.16 3 0
github.com/ecoprohcm/DMS_BackendServer/handlers/gateway.go:91.2,91.49 1 0
github.com/ecoprohcm/DMS_BackendServer/handlers/gateway.go:100.2,101.16 2 0
github.com/ecoprohcm/DMS_BackendServer/handlers/gateway.go:109.2,109.42 1 0
github.com/ecoprohcm/DMS_BackendServer/handlers/gateway.go:83.16,90.3 2 0
github.com/ecoprohcm/DMS_BackendServer/handlers/gateway.go:91.49,98.3 2 0
github.com/ecoprohcm/DMS_BackendServer/handlers/gateway.go:101.16,108.3 2 0
github.com/ecoprohcm/DMS_BackendServer/handlers/gateway.go:122.56,125.16 3 0
github.com/ecoprohcm/DMS_BackendServer/handlers/gateway.go:134.2,135.30 2 0
github.com/ecoprohcm/DMS_BackendServer/handlers/gateway.go:144.2,145.49 2 0
github.com/ecoprohcm/DMS_BackendServer/handlers/gateway.go:154.2,154.49 1 0
github.com/ecoprohcm/DMS_BackendServer/handlers/gateway.go:125.16,132.3 2 0
github.com/ecoprohcm/DMS_BackendServer/handlers/gateway.go:135.30,142.3 2 0
github.com/ecoprohcm/DMS_BackendServer/handlers/gateway.go:145.49,152.3 2 0
github.com/ecoprohcm/DMS_BackendServer/handlers/gateway.go:167.56,170.16 3 0
github.com/ecoprohcm/DMS_BackendServer/handlers/gateway.go:179.2,180.30 2 0
github.com/ecoprohcm/DMS_BackendServer/handlers/gateway.go:189.2,190.49 2 0
github.com/ecoprohcm/DMS_BackendServer/handlers/gateway.go:199.2,199.49 1 0
github.com/ecoprohcm/DMS_BackendServer/handlers/gateway.go:170.16,177.3 2 0
github.com/ecoprohcm/DMS_BackendServer/handlers/gateway.go:180.30,187.3 2 0
github.com/ecoprohcm/DMS_BackendServer/handlers/gateway.go:190.49,197.3 2 0
github.com/ecoprohcm/DMS_BackendServer/handlers/gateway.go:202.64,206.16 4 0
github.com/ecoprohcm/DMS_BackendServer/handlers/gateway.go:215.2,216.16 2 0
github.com/ecoprohcm/DMS_BackendServer/handlers/gateway.go:225.2,226.16 2 0
github.com/ecoprohcm/DMS_BackendServer/handlers/gateway.go:235.2,235.44 1 0
github.com/ecoprohcm/DMS_BackendServer/handlers/gateway.go:206.16,213.3 2 0
github.com/ecoprohcm/DMS_BackendServer/handlers/gateway.go:216.16,223.3 2 0
github.com/ecoprohcm/DMS_BackendServer/handlers/gateway.go:226.16,233.3 2 0
github.com/ecoprohcm/DMS_BackendServer/handlers/gwnetwork.go:13.88,18.2 1 0
github.com/ecoprohcm/DMS_BackendServer/handlers/log.go:15.66,19.2 1 1
github.com/ecoprohcm/DMS_BackendServer/handlers/log.go:29.63,31.16 2 0
github.com/ecoprohcm/DMS_BackendServer/handlers/log.go:39.2,39.46 1 0
github.com/ecoprohcm/DMS_BackendServer/handlers/log.go:31.16,38.3 2 0
github.com/ecoprohcm/DMS_BackendServer/handlers/log.go:51.64,54.16 3 0
github.com/ecoprohcm/DMS_BackendServer/handlers/log.go:62.2,62.42 1 0
github.com/ecoprohcm/DMS_BackendServer/handlers/log.go:54.16,61.3 2 0
github.com/ecoprohcm/DMS_BackendServer/handlers/log.go:74.73,78.16 4 0
github.com/ecoprohcm/DMS_BackendServer/handlers/log.go:85.2,85.44 1 0
github.com/ecoprohcm/DMS_BackendServer/handlers/log.go:78.16,84.3 1 0
github.com/ecoprohcm/DMS_BackendServer/handlers/log.go:99.67,104.16 5 0
github.com/ecoprohcm/DMS_BackendServer/handlers/log.go:111.2,111.46 1 0
github.com/ecoprohcm/DMS_BackendServer/handlers/log.go:104.16,110.3 1 0
github.com/ecoprohcm/DMS_BackendServer/handlers/employee.go:19.115,25.2 1 1
github.com/ecoprohcm/DMS_BackendServer/handlers/employee.go:35.59,37.16 2 0
github.com/ecoprohcm/DMS_BackendServer/handlers/employee.go:45.2,45.45 1 0
github.com/ecoprohcm/DMS_BackendServer/handlers/employee.go:37.16,44.3 2 0
github.com/ecoprohcm/DMS_BackendServer/handlers/employee.go:57.62,61.16 3 0
github.com/ecoprohcm/DMS_BackendServer/handlers/employee.go:69.2,69.43 1 0
github.com/ecoprohcm/DMS_BackendServer/handlers/employee.go:61.16,68.3 2 0
github.com/ecoprohcm/DMS_BackendServer/handlers/employee.go:82.58,85.16 3 0
github.com/ecoprohcm/DMS_BackendServer/handlers/employee.go:94.2,95.16 2 0
github.com/ecoprohcm/DMS_BackendServer/handlers/employee.go:104.2,104.25 1 0
github.com/ecoprohcm/DMS_BackendServer/handlers/employee.go:117.2,117.43 1 0
github.com/ecoprohcm/DMS_BackendServer/handlers/employee.go:85.16,92.3 2 0
github.com/ecoprohcm/DMS_BackendServer/handlers/employee.go:95.16,102.3 2 0
github.com/ecoprohcm/DMS_BackendServer/handlers/employee.go:104.25,107.50 2 0
github.com/ecoprohcm/DMS_BackendServer/handlers/employee.go:107.50,114.4 2 0
github.com/ecoprohcm/DMS_BackendServer/handlers/employee.go:130.58,133.16 3 0
github.com/ecoprohcm/DMS_BackendServer/handlers/employee.go:142.2,143.16 2 0
github.com/ecoprohcm/DMS_BackendServer/handlers/employee.go:151.2,154.30 3 0
github.com/ecoprohcm/DMS_BackendServer/handlers/employee.go:163.2,163.49 1 0
github.com/ecoprohcm/DMS_BackendServer/handlers/employee.go:209.2,209.49 1 0
github.com/ecoprohcm/DMS_BackendServer/handlers/employee.go:133.16,140.3 2 0
github.com/ecoprohcm/DMS_BackendServer/handlers/employee.go:143.16,150.3 2 0
github.com/ecoprohcm/DMS_BackendServer/handlers/employee.go:154.30,161.3 2 0
github.com/ecoprohcm/DMS_BackendServer/handlers/employee.go:163.49,166.50 2 0
github.com/ecoprohcm/DMS_BackendServer/handlers/employee.go:166.50,173.4 2 0
github.com/ecoprohcm/DMS_BackendServer/handlers/employee.go:174.8,174.55 1 0
github.com/ecoprohcm/DMS_BackendServer/handlers/employee.go:174.55,177.50 2 0
github.com/ecoprohcm/DMS_BackendServer/handlers/employee.go:177.50,184.4 2 0
github.com/ecoprohcm/DMS_BackendServer/handlers/employee.go:185.8,185.56 1 0
github.com/ecoprohcm/DMS_BackendServer/handlers/employee.go:185.56,188.50 2 0
github.com/ecoprohcm/DMS_BackendServer/handlers/employee.go:188.50,195.4 2 0
github.com/ecoprohcm/DMS_BackendServer/handlers/employee.go:196.8,199.50 2 0
github.com/ecoprohcm/DMS_BackendServer/handlers/employee.go:199.50,206.4 2 0
github.com/ecoprohcm/DMS_BackendServer/handlers/employee.go:222.58,225.16 3 0
github.com/ecoprohcm/DMS_BackendServer/handlers/employee.go:234.2,235.16 2 0
github.com/ecoprohcm/DMS_BackendServer/handlers/employee.go:243.2,246.30 3 0
github.com/ecoprohcm/DMS_BackendServer/handlers/employee.go:254.2,254.22 1 0
github.com/ecoprohcm/DMS_BackendServer/handlers/employee.go:277.2,277.49 1 0
github.com/ecoprohcm/DMS_BackendServer/handlers/employee.go:225.16,232.3 2 0
github.com/ecoprohcm/DMS_BackendServer/handlers/employee.go:235.16,242.3 2 0
github.com/ecoprohcm/DMS_BackendServer/handlers/employee.go:246.30,253.3 2 0
github.com/ecoprohcm/DMS_BackendServer/handlers/employee.go:254.22,257.50 2 0
github.com/ecoprohcm/DMS_BackendServer/handlers/employee.go:257.50,264.4 2 0
github.com/ecoprohcm/DMS_BackendServer/handlers/employee.go:265.8,268.50 2 0
github.com/ecoprohcm/DMS_BackendServer/handlers/employee.go:268.50,275.4 2 0
github.com/ecoprohcm/DMS_BackendServer/handlers/employee.go:290.67,294.16 4 0
github.com/ecoprohcm/DMS_BackendServer/handlers/employee.go:303.2,304.16 2 0
github.com/ecoprohcm/DMS_BackendServer/handlers/employee.go:313.2,317.16 5 0
github.com/ecoprohcm/DMS_BackendServer/handlers/employee.go:326.2,336.49 2 0
github.com/ecoprohcm/DMS_BackendServer/handlers/employee.go:345.2,346.16 2 0
github.com/ecoprohcm/DMS_BackendServer/handlers/employee.go:355.2,355.44 1 0
github.com/ecoprohcm/DMS_BackendServer/handlers/employee.go:294.16,301.3 2 0
github.com/ecoprohcm/DMS_BackendServer/handlers/employee.go:304.16,311.3 2 0
github.com/ecoprohcm/DMS_BackendServer/handlers/employee.go:317.16,324.3 2 0
github.com/ecoprohcm/DMS_BackendServer/handlers/employee.go:336.49,343.3 2 0
github.com/ecoprohcm/DMS_BackendServer/handlers/employee.go:346.16,353.3 2 0
github.com/ecoprohcm/DMS_BackendServer/handlers/scheduler.go:18.88,23.2 1 1
github.com/ecoprohcm/DMS_BackendServer/handlers/scheduler.go:33.61,35.16 2 0
github.com/ecoprohcm/DMS_BackendServer/handlers/scheduler.go:43.2,43.45 1 0
github.com/ecoprohcm/DMS_BackendServer/handlers/scheduler.go:35.16,42.3 2 0
github.com/ecoprohcm/DMS_BackendServer/handlers/scheduler.go:55.62,59.16 3 0
github.com/ecoprohcm/DMS_BackendServer/handlers/scheduler.go:67.2,67.41 1 0
github.com/ecoprohcm/DMS_BackendServer/handlers/scheduler.go:59.16,66.3 2 0
github.com/ecoprohcm/DMS_BackendServer/handlers/scheduler.go:80.60,83.16 3 0
github.com/ecoprohcm/DMS_BackendServer/handlers/scheduler.go:92.2,93.16 2 0
github.com/ecoprohcm/DMS_BackendServer/handlers/scheduler.go:101.2,101.41 1 0
github.com/ecoprohcm/DMS_BackendServer/handlers/scheduler.go:83.16,90.3 2 0
github.com/ecoprohcm/DMS_BackendServer/handlers/scheduler.go:93.16,100.3 2 0
github.com/ecoprohcm/DMS_BackendServer/handlers/scheduler.go:114.60,117.16 3 0
github.com/ecoprohcm/DMS_BackendServer/handlers/scheduler.go:126.2,127.30 2 0
github.com/ecoprohcm/DMS_BackendServer/handlers/scheduler.go:136.2,138.49 2 0
github.com/ecoprohcm/DMS_BackendServer/handlers/scheduler.go:147.2,147.49 1 0
github.com/ecoprohcm/DMS_BackendServer/handlers/scheduler.go:117.16,124.3 2 0
github.com/ecoprohcm/DMS_BackendServer/handlers/scheduler.go:127.30,134.3 2 0
github.com/ecoprohcm/DMS_BackendServer/handlers/scheduler.go:138.49,145.3 2 0
github.com/ecoprohcm/DMS_BackendServer/handlers/scheduler.go:160.60,163.16 3 0
github.com/ecoprohcm/DMS_BackendServer/handlers/scheduler.go:172.2,174.49 2 0
github.com/ecoprohcm/DMS_BackendServer/handlers/scheduler.go:183.2,184.30 2 0
github.com/ecoprohcm/DMS_BackendServer/handlers/scheduler.go:192.2,192.49 1 0
github.com/ecoprohcm/DMS_BackendServer/handlers/scheduler.go:163.16,170.3 2 0
github.com/ecoprohcm/DMS_BackendServer/handlers/scheduler.go:174.49,181.3 2 0
github.com/ecoprohcm/DMS_BackendServer/handlers/scheduler.go:184.30,191.3 2 0
github.com/ecoprohcm/DMS_BackendServer/handlers/secretKey.go:19.113,25.2 1 1
github.com/ecoprohcm/DMS_BackendServer/handlers/secretKey.go:35.58,37.16 2 0
github.com/ecoprohcm/DMS_BackendServer/handlers/secretKey.go:45.2,45.42 1 0
github.com/ecoprohcm/DMS_BackendServer/handlers/secretKey.go:37.16,44.3 2 0
github.com/ecoprohcm/DMS_BackendServer/handlers/secretKey.go:59.60,62.16 3 0
github.com/ecoprohcm/DMS_BackendServer/handlers/secretKey.go:71.2,72.16 2 0
github.com/ecoprohcm/DMS_BackendServer/handlers/secretKey.go:80.2,84.49 3 0
github.com/ecoprohcm/DMS_BackendServer/handlers/secretKey.go:93.2,93.43 1 0
github.com/ecoprohcm/DMS_BackendServer/handlers/secretKey.go:62.16,69.3 2 0
github.com/ecoprohcm/DMS_BackendServer/handlers/secretKey.go:72.16,79.3 2 0
github.com/ecoprohcm/DMS_BackendServer/handlers/secretKey.go:84.49,91.3 2 0
github.com/ecoprohcm/DMS_BackendServer/handlers/secretKey.go:107.60,110.16 3 0
github.com/ecoprohcm/DMS_BackendServer/handlers/secretKey.go:119.2,120.30 2 0
github.com/ecoprohcm/DMS_BackendServer/handlers/secretKey.go:129.2,131.49 2 0
github.com/ecoprohcm/DMS_BackendServer/handlers/secretKey.go:140.2,140.49 1 0
github.com/ecoprohcm/DMS_BackendServer/handlers/secretKey.go:110.16,117.3 2 0
github.com/ecoprohcm/DMS_BackendServer/handlers/secretKey.go:120.30,127.3 2 0
github.com/ecoprohcm/DMS_BackendServer/handlers/secretKey.go:131.49,138.3 2 0
github.com/ecoprohcm/DMS_BackendServer/handlers/server.go:17.15,24.2 6 1
github.com/ecoprohcm/DMS_BackendServer/handlers/server.go:90.2,90.10 1 1
github.com/ecoprohcm/DMS_BackendServer/handlers/server.go:24.2,89.3 47 1
github.com/ecoprohcm/DMS_BackendServer/handlers/server.go:93.39,94.30 1 1
github.com/ecoprohcm/DMS_BackendServer/handlers/server.go:94.30,101.36 5 1
github.com/ecoprohcm/DMS_BackendServer/handlers/server.go:106.3,106.11 1 1
github.com/ecoprohcm/DMS_BackendServer/handlers/server.go:101.36,104.4 2 0
github.com/ecoprohcm/DMS_BackendServer/handlers/student.go:19.112,25.2 1 1
github.com/ecoprohcm/DMS_BackendServer/handlers/student.go:35.57,37.16 2 0
github.com/ecoprohcm/DMS_BackendServer/handlers/student.go:45.2,45.45 1 0
github.com/ecoprohcm/DMS_BackendServer/handlers/student.go:37.16,44.3 2 0
github.com/ecoprohcm/DMS_BackendServer/handlers/student.go:57.60,61.16 3 0
github.com/ecoprohcm/DMS_BackendServer/handlers/student.go:69.2,69.41 1 0
github.com/ecoprohcm/DMS_BackendServer/handlers/student.go:61.16,68.3 2 0
github.com/ecoprohcm/DMS_BackendServer/handlers/student.go:82.56,85.16 3 0
github.com/ecoprohcm/DMS_BackendServer/handlers/student.go:94.2,95.16 2 0
github.com/ecoprohcm/DMS_BackendServer/handlers/student.go:103.2,103.41 1 0
github.com/ecoprohcm/DMS_BackendServer/handlers/student.go:85.16,92.3 2 0
github.com/ecoprohcm/DMS_BackendServer/handlers/student.go:95.16,102.3 2 0
github.com/ecoprohcm/DMS_BackendServer/handlers/student.go:116.56,119.16 3 0
github.com/ecoprohcm/DMS_BackendServer/handlers/student.go:128.2,129.30 2 0
github.com/ecoprohcm/DMS_BackendServer/handlers/student.go:138.2,140.49 2 0
github.com/ecoprohcm/DMS_BackendServer/handlers/student.go:149.2,149.49 1 0
github.com/ecoprohcm/DMS_BackendServer/handlers/student.go:119.16,126.3 2 0
github.com/ecoprohcm/DMS_BackendServer/handlers/student.go:129.30,136.3 2 0
github.com/ecoprohcm/DMS_BackendServer/handlers/student.go:140.49,147.3 2 0
github.com/ecoprohcm/DMS_BackendServer/handlers/student.go:162.56,165.16 3 0
github.com/ecoprohcm/DMS_BackendServer/handlers/student.go:174.2,175.30 2 0
github.com/ecoprohcm/DMS_BackendServer/handlers/student.go:184.2,186.49 2 0
github.com/ecoprohcm/DMS_BackendServer/handlers/student.go:195.2,195.49 1 0
github.com/ecoprohcm/DMS_BackendServer/handlers/student.go:165.16,172.3 2 0
github.com/ecoprohcm/DMS_BackendServer/handlers/student.go:175.30,182.3 2 0
github.com/ecoprohcm/DMS_BackendServer/handlers/student.go:186.49,193.3 2 0
github.com/ecoprohcm/DMS_BackendServer/handlers/student.go:208.65,212.16 4 0
github.com/ecoprohcm/DMS_BackendServer/handlers/student.go:221.2,222.16 2 0
github.com/ecoprohcm/DMS_BackendServer/handlers/student.go:231.2,236.16 5 0
github.com/ecoprohcm/DMS_BackendServer/handlers/student.go:245.2,255.49 2 0
github.com/ecoprohcm/DMS_BackendServer/handlers/student.go:264.2,265.16 2 0
github.com/ecoprohcm/DMS_BackendServer/handlers/student.go:274.2,274.44 1 0
github.com/ecoprohcm/DMS_BackendServer/handlers/student.go:212.16,219.3 2 0
github.com/ecoprohcm/DMS_BackendServer/handlers/student.go:222.16,229.3 2 0
github.com/ecoprohcm/DMS_BackendServer/handlers/student.go:236.16,243.3 2 0
github.com/ecoprohcm/DMS_BackendServer/handlers/student.go:255.49,262.3 2 0
github.com/ecoprohcm/DMS_BackendServer/handlers/student.go:265.16,272.3 2 0
